[ 2015-08-13T15:55:20+08:00 ] 127.0.0.1 /wx/Static/Index/images/reset.css
INFO: [ app_init ] --START--
INFO: Run Behavior\BuildLiteBehavior [ RunTime:0.000064s ]
INFO: [ app_init ] --END-- [ RunTime:0.000873s ]
INFO: [ app_begin ] --START--
INFO: Run Behavior\ReadHtmlCacheBehavior [ RunTime:0.000835s ]
INFO: [ app_begin ] --END-- [ RunTime:0.001095s ]
NOTIC: [8] Undefined index: HTTP_RAW_POST_DATA D:\wamp\www\MzsjCms\App\Index\Controller\WxController.class.php 第 23 行.
ERR: 非法操作:Static

[ 2015-08-13T15:55:20+08:00 ] 127.0.0.1 /wx/Static/Index/images/favicon.png
INFO: [ app_init ] --START--
INFO: Run Behavior\BuildLiteBehavior [ RunTime:0.000056s ]
INFO: [ app_init ] --END-- [ RunTime:0.000973s ]

 app_begin ] --START--
INFO: Run Behavior\ReadHtmlCacheBehavior [ RunTime:0.000811s ]
INFO: [ app_begin ] --END-- [ RunTime:0.001109s ]
NOTIC: [8] Undefined index: HTTP_RAW_POST_DATA D:\wamp\www\MzsjCms\App\Index\Controller\WxController.class.php 第 23 行.
ERR: 非法操作:Static

[ 2015-08-13T15:55:20+08:00 ] 127.0.0.1 /wx/Static/Index/images/app.png
INFO: [ app_init ] --START--
INFO: Run Behavior\BuildLiteBehavior [ RunTime:0.000033s ]
INFO: [ app_init ] --END-- [ RunTime:0.000493s ]

[ 2015-08-13T15:55:20+08:00 ] 127.0.0.1 /wx/Static/Index/images/favicon.png
INFO: [ app_init ] --START--
INFO: Run Behavior\BuildLiteBehavior [ RunTime:0.000045s ]
INFO: [ app_init ] --END-- [ RunTime:0.000541s ]

[ 2015-08-13T15:55:20+08:00 ] 127.0.0.1 /wx/Static/Index/images/app.png
INFO: [ app_init ] --START--
INFO: Run Behavior\BuildLiteBehavior [ RunTime:0.000052s ]
INFO: [ app_init ] --END-- [ RunTime:0.000554s ]

[ 2015-08-13T15:55:25+08:00 ] 127.0.0.1 /wx/Static/Index/images/reset.css
INFO: [ app_init ] --START--
INFO: Run Behavior\BuildLiteBehavior [ RunTime:0.000059s ]
INFO: [ app_init ] --END-- [ RunTime:0.000893s ]
INFO: [ app_begin ] --START--
INFO: Run Behavior\ReadHtmlCacheBehavior [ RunTime:0.000537s ]
INFO: [ app_begin ] --END-- [ RunTime:0.000863s ]
NOTIC: [8] Undefined index: HTTP_RAW_POST_DATA D:\wamp\www\MzsjCms\App\Index\Controller\WxController.class.php 第 23 行.
ERR: 非法操作:Static

[ 2015-08-13T15:55:25+08:00 ] 127.0.0.1 /wx/Static/Common/js/jquery.js
INFO: [ app_init ] --START--
INFO: Run Behavior\BuildLiteBehavior [ RunTime:0.000056s ]
INFO: [ app_init ] --END-- [ RunTime:0.000668s ]
INFO: [ app_begin ] --START--
INFO: Run Behavior\ReadHtmlCacheBehavior [ RunTime:0.000485s ]
INFO: [ app_begin ] --END-- [ RunTime:0.000639s ]
NOTIC: [8] Undefined index: HTTP_RAW_POST_DATA D:\wamp\www\MzsjCms\App\Index\Controller\WxController.class.php 第 23 行.
ERR: 非法操作:Static

